core/notifications/build/intermediates/manifest_merge_blame_file/debug/processDebugManifest/manifest-merger-blame-debug-report.txt
1<?xml version="1.0" encoding="utf-8"?>
2<manifest xmlns:android="http://schemas.android.com/apk/res/android"
3    xmlns:tools="http://schemas.android.com/tools"
4    package="com.rio.rostry.core.notifications" >
5
6    <uses-sdk android:minSdkVersion="24" />
7
8    <!-- FCM permissions -->
9    <uses-permission android:name="android.permission.INTERNET" />
9-->src\main\AndroidManifest.xml:6:5-67
9-->src\main\AndroidManifest.xml:6:22-64
10    <uses-permission android:name="android.permission.WAKE_LOCK" />
10-->src\main\AndroidManifest.xml:7:5-68
10-->src\main\AndroidManifest.xml:7:22-65
11    <uses-permission android:name="android.permission.VIBRATE" />
11-->src\main\AndroidManifest.xml:8:5-66
11-->src\main\AndroidManifest.xml:8:22-63
12    <uses-permission android:name="android.permission.RECEIVE_BOOT_COMPLETED" />
12-->src\main\AndroidManifest.xml:9:5-81
12-->src\main\AndroidManifest.xml:9:22-78
13
14    <!-- Notification permissions for Android 13+ -->
15    <uses-permission android:name="android.permission.POST_NOTIFICATIONS" />
15-->src\main\AndroidManifest.xml:12:5-77
15-->src\main\AndroidManifest.xml:12:22-74
16
17    <application>
17-->src\main\AndroidManifest.xml:14:5-82:19
18
19        <!-- FCM Service -->
20        <service
20-->src\main\AndroidManifest.xml:16:9-22:19
21            android:name="com.rio.rostry.core.notifications.FCMService"
21-->src\main\AndroidManifest.xml:17:13-39
22            android:exported="false" >
22-->src\main\AndroidManifest.xml:18:13-37
23            <intent-filter>
23-->src\main\AndroidManifest.xml:19:13-21:29
24                <action android:name="com.google.firebase.MESSAGING_EVENT" />
24-->src\main\AndroidManifest.xml:20:17-78
24-->src\main\AndroidManifest.xml:20:25-75
25            </intent-filter>
26        </service>
27
28        <!-- Default notification icon -->
29        <meta-data
29-->src\main\AndroidManifest.xml:25:9-27:60
30            android:name="com.google.firebase.messaging.default_notification_icon"
30-->src\main\AndroidManifest.xml:26:13-83
31            android:resource="@drawable/ic_notification" />
31-->src\main\AndroidManifest.xml:27:13-57
32
33        <!-- Default notification color -->
34        <meta-data
34-->src\main\AndroidManifest.xml:30:9-32:60
35            android:name="com.google.firebase.messaging.default_notification_color"
35-->src\main\AndroidManifest.xml:31:13-84
36            android:resource="@color/notification_color" />
36-->src\main\AndroidManifest.xml:32:13-57
37
38        <!-- Default notification channel -->
39        <meta-data
39-->src\main\AndroidManifest.xml:35:9-37:46
40            android:name="com.google.firebase.messaging.default_notification_channel_id"
40-->src\main\AndroidManifest.xml:36:13-89
41            android:value="system_channel" />
41-->src\main\AndroidManifest.xml:37:13-43
42
43        <!-- Auto-init disabled (we'll initialize manually) -->
44        <meta-data
44-->src\main\AndroidManifest.xml:40:9-42:37
45            android:name="firebase_messaging_auto_init_enabled"
45-->src\main\AndroidManifest.xml:41:13-64
46            android:value="false" />
46-->src\main\AndroidManifest.xml:42:13-34
47
48        <!-- Analytics collection disabled for notifications -->
49        <meta-data
49-->src\main\AndroidManifest.xml:45:9-47:37
50            android:name="firebase_analytics_collection_enabled"
50-->src\main\AndroidManifest.xml:46:13-65
51            android:value="false" />
51-->src\main\AndroidManifest.xml:47:13-34
52
53        <!-- Notification click receiver -->
54        <receiver
54-->src\main\AndroidManifest.xml:50:9-56:20
55            android:name="com.rio.rostry.core.notifications.NotificationClickReceiver"
55-->src\main\AndroidManifest.xml:51:13-54
56            android:exported="false" >
56-->src\main\AndroidManifest.xml:52:13-37
57            <intent-filter>
57-->src\main\AndroidManifest.xml:53:13-55:29
58                <action android:name="com.rio.rostry.NOTIFICATION_CLICK" />
58-->src\main\AndroidManifest.xml:54:17-76
58-->src\main\AndroidManifest.xml:54:25-73
59            </intent-filter>
60        </receiver>
61
62        <!-- Boot receiver for notification restoration -->
63        <receiver
63-->src\main\AndroidManifest.xml:59:9-69:20
64            android:name="com.rio.rostry.core.notifications.BootReceiver"
64-->src\main\AndroidManifest.xml:60:13-41
65            android:enabled="true"
65-->src\main\AndroidManifest.xml:61:13-35
66            android:exported="false" >
66-->src\main\AndroidManifest.xml:62:13-37
67            <intent-filter android:priority="1000" >
67-->src\main\AndroidManifest.xml:63:13-68:29
67-->src\main\AndroidManifest.xml:63:28-51
68                <action android:name="android.intent.action.BOOT_COMPLETED" />
68-->src\main\AndroidManifest.xml:64:17-79
68-->src\main\AndroidManifest.xml:64:25-76
69                <action android:name="android.intent.action.MY_PACKAGE_REPLACED" />
69-->src\main\AndroidManifest.xml:65:17-84
69-->src\main\AndroidManifest.xml:65:25-81
70                <action android:name="android.intent.action.PACKAGE_REPLACED" />
70-->src\main\AndroidManifest.xml:66:17-81
70-->src\main\AndroidManifest.xml:66:25-78
71
72                <data android:scheme="package" />
72-->src\main\AndroidManifest.xml:67:17-50
72-->src\main\AndroidManifest.xml:67:23-47
73            </intent-filter>
74        </receiver>
75
76        <!-- Work Manager for background notification processing -->
77        <provider
77-->src\main\AndroidManifest.xml:72:9-80:20
78            android:name="androidx.startup.InitializationProvider"
78-->src\main\AndroidManifest.xml:73:13-67
79            android:authorities="${applicationId}.androidx-startup"
79-->src\main\AndroidManifest.xml:74:13-68
80            android:exported="false"
80-->src\main\AndroidManifest.xml:75:13-37
81            tools:node="merge" >
81-->src\main\AndroidManifest.xml:76:13-31
82            <meta-data
82-->src\main\AndroidManifest.xml:77:13-79:52
83                android:name="androidx.work.WorkManagerInitializer"
83-->src\main\AndroidManifest.xml:78:17-68
84                android:value="androidx.startup" />
84-->src\main\AndroidManifest.xml:79:17-49
85        </provider>
86    </application>
87
88</manifest>